<?xml version="1.0" encoding="UTF-8" standalone="no"?>
<!DOCTYPE log SYSTEM "logger.dtd">
<log>
<record>
  <date>2018-03-19T13:03:42</date>
  <millis>1521444822529</millis>
  <sequence>0</sequence>
  <level>START</level>
  <class>com.kms.katalon.core.logging.KeywordLogger</class>
  <method>startSuite</method>
  <thread>1</thread>
  <message>Start Test Suite : Test Suites/SNOW</message>
  <nestedLevel>0</nestedLevel>
  <property name="name">SNOW</property>
  <property name="description"></property>
  <property name="id">Test Suites/SNOW</property>
</record>
<record>
  <date>2018-03-19T13:03:42</date>
  <millis>1521444822568</millis>
  <sequence>1</sequence>
  <level>RUN_DATA</level>
  <class>com.kms.katalon.core.logging.KeywordLogger</class>
  <method>logMessage</method>
  <thread>1</thread>
  <message>Logging run data &amp;apos;hostName&amp;apos; with value &amp;apos;bashah - L005401.Apttus.local&amp;apos;</message>
  <nestedLevel>0</nestedLevel>
  <property name="hostName">bashah - L005401.Apttus.local</property>
</record>
<record>
  <date>2018-03-19T13:03:42</date>
  <millis>1521444822571</millis>
  <sequence>2</sequence>
  <level>RUN_DATA</level>
  <class>com.kms.katalon.core.logging.KeywordLogger</class>
  <method>logMessage</method>
  <thread>1</thread>
  <message>Logging run data &amp;apos;os&amp;apos; with value &amp;apos;Windows 10 64bit&amp;apos;</message>
  <nestedLevel>0</nestedLevel>
  <property name="os">Windows 10 64bit</property>
</record>
<record>
  <date>2018-03-19T13:03:42</date>
  <millis>1521444822572</millis>
  <sequence>3</sequence>
  <level>RUN_DATA</level>
  <class>com.kms.katalon.core.logging.KeywordLogger</class>
  <method>logMessage</method>
  <thread>1</thread>
  <message>Logging run data &amp;apos;hostAddress&amp;apos; with value &amp;apos;10.13.10.136&amp;apos;</message>
  <nestedLevel>0</nestedLevel>
  <property name="hostAddress">10.13.10.136</property>
</record>
<record>
  <date>2018-03-19T13:03:42</date>
  <millis>1521444822605</millis>
  <sequence>4</sequence>
  <level>RUN_DATA</level>
  <class>com.kms.katalon.core.logging.KeywordLogger</class>
  <method>logMessage</method>
  <thread>1</thread>
  <message>Logging run data &amp;apos;katalonVersion&amp;apos; with value &amp;apos;5.3.0.1&amp;apos;</message>
  <nestedLevel>0</nestedLevel>
  <property name="katalonVersion">5.3.0.1</property>
</record>
<record>
  <date>2018-03-19T13:03:43</date>
  <millis>1521444823402</millis>
  <sequence>5</sequence>
  <level>START</level>
  <class>com.kms.katalon.core.logging.KeywordLogger</class>
  <method>startTest</method>
  <thread>1</thread>
  <message>Start Test Case : Test Cases/Main Test Cases/apttus11clm</message>
  <nestedLevel>1</nestedLevel>
  <property name="name">Test Cases/Main Test Cases/apttus11clm</property>
  <property name="description"></property>
  <property name="id">Test Cases/Main Test Cases/apttus11clm</property>
  <property name="source">C:\\Users\\bashah\\Katalon Studio\\TestdataAutomation\\Test Cases\\Main Test Cases\\apttus11clm.tc</property>
  <property name="isOptional">false</property>
</record>
<record>
  <date>2018-03-19T13:03:43</date>
  <millis>1521444823537</millis>
  <sequence>6</sequence>
  <level>INFO</level>
  <class>com.kms.katalon.core.logging.KeywordLogger</class>
  <method>logMessage</method>
  <thread>1</thread>
  <message>Evaluating variables for test case</message>
  <nestedLevel>1</nestedLevel>
</record>
<record>
  <date>2018-03-19T13:03:43</date>
  <millis>1521444823544</millis>
  <sequence>7</sequence>
  <level>INFO</level>
  <class>com.kms.katalon.core.logging.KeywordLogger</class>
  <method>logMessage</method>
  <thread>1</thread>
  <message>Variable &amp;apos;Username&amp;apos; is set to prachy.gupta@servicenow.com</message>
  <nestedLevel>1</nestedLevel>
</record>
<record>
  <date>2018-03-19T13:03:43</date>
  <millis>1521444823545</millis>
  <sequence>8</sequence>
  <level>INFO</level>
  <class>com.kms.katalon.core.logging.KeywordLogger</class>
  <method>logMessage</method>
  <thread>1</thread>
  <message>Variable &amp;apos;password&amp;apos; is set to White%balls%</message>
  <nestedLevel>1</nestedLevel>
</record>
<record>
  <date>2018-03-19T13:03:43</date>
  <millis>1521444823546</millis>
  <sequence>9</sequence>
  <level>INFO</level>
  <class>com.kms.katalon.core.logging.KeywordLogger</class>
  <method>logMessage</method>
  <thread>1</thread>
  <message>Variable &amp;apos;CLMURL&amp;apos; is set to https://servicenowext.oktapreview.com/login/login.htm?fromURI=%2Fapp%2Fservicenowexternalportal_apttussnowperf_1%2Fexkdcery72Duhu2RN0h7%2Fsso%2Fsaml%3FSAMLRequest%3DfVJNb%252bIwFPwrke%252f5LIFgESS2qCpStxsRdg97qVznsVh1bK%252bfXei%252fX5MsUlHVnmw9z5vRzHiBrJeGrrw7qC389YAu2qxrYvanbP5cliWv8mk5nWRlMWcVB5hP9tDBhM0rEv0Ci0KrmhRJRqINooeNQseUC6Msr%252bLsJs6qXTajkyktbn6TqLHaaa7lN6E6of7UxFtFNUOBVLEekDpO29X3BxoY6fMIQnq%252f2zVx86PdkWiFCNYF0Vut0PdgW7CvgsPP7UNNDs4ZpGmK40zpY8yMcx7zPBkvXGrfJVz3aRt8t81wbAFNYAMSrYN9oZgbTH1kg5NL9ItjxsKrgOPAw4y5RoBVTBptHZNPoyiGBwN2%252f5SncHrpONi3WbH2B19sH7PDLEXU6bkGEp16qZAOlXwdjfmfI1kuzmg6ZG%252ff7X%252b9zi4pkuXFJTPiKiOhU4ZGxmey%252bOJgkb5TG6UNfQz0m3WjpeBv0Z22PXOfq%252bdJPkxEF%252b8HKIWeCbnqOguIoV8p9fHWAnNQE2d9KCVdjrLXv3T5Dw%253d%253d%26RelayState%3Dhttps%3A%2F%2Fservicenow-apttus11.apttuscloud.com%2Fui%2Fclm%2Fclm%2Fagreement%2Fdetail%2Fccab1e29-9f22-e811-896b-00155d7fe074</message>
  <nestedLevel>1</nestedLevel>
</record>
<record>
  <date>2018-03-19T13:03:43</date>
  <millis>1521444823548</millis>
  <sequence>10</sequence>
  <level>INFO</level>
  <class>com.kms.katalon.core.logging.KeywordLogger</class>
  <method>logMessage</method>
  <thread>1</thread>
  <message>Variable &amp;apos;reviewUsername&amp;apos; is set to test</message>
  <nestedLevel>1</nestedLevel>
</record>
<record>
  <date>2018-03-19T13:03:43</date>
  <millis>1521444823595</millis>
  <sequence>11</sequence>
  <level>INFO</level>
  <class>com.kms.katalon.core.logging.KeywordLogger</class>
  <method>logMessage</method>
  <thread>1</thread>
  <message>Variable &amp;apos;reviewEmail&amp;apos; is set to bashah@apttus.com</message>
  <nestedLevel>1</nestedLevel>
</record>
<record>
  <date>2018-03-19T13:03:43</date>
  <millis>1521444823597</millis>
  <sequence>12</sequence>
  <level>INFO</level>
  <class>com.kms.katalon.core.logging.KeywordLogger</class>
  <method>logMessage</method>
  <thread>1</thread>
  <message>Variable &amp;apos;SignUsername&amp;apos; is set to test</message>
  <nestedLevel>1</nestedLevel>
</record>
<record>
  <date>2018-03-19T13:03:43</date>
  <millis>1521444823600</millis>
  <sequence>13</sequence>
  <level>INFO</level>
  <class>com.kms.katalon.core.logging.KeywordLogger</class>
  <method>logMessage</method>
  <thread>1</thread>
  <message>Variable &amp;apos;SignEmail&amp;apos; is set to bashah@apttus.com</message>
  <nestedLevel>1</nestedLevel>
</record>
<record>
  <date>2018-03-19T13:03:44</date>
  <millis>1521444824379</millis>
  <sequence>14</sequence>
  <level>START</level>
  <class>com.kms.katalon.core.logging.KeywordLogger</class>
  <method>startKeyword</method>
  <thread>1</thread>
  <message>Start action : openBrowser</message>
  <nestedLevel>1</nestedLevel>
  <property name="startLine">23</property>
  <property name="stepIndex">1</property>
</record>
<record>
  <date>2018-03-19T13:03:44</date>
  <millis>1521444824957</millis>
  <sequence>15</sequence>
  <level>INFO</level>
  <class>com.kms.katalon.core.logging.KeywordLogger</class>
  <method>logMessage</method>
  <thread>1</thread>
  <message>Opening browser</message>
  <nestedLevel>1</nestedLevel>
</record>
<record>
  <date>2018-03-19T13:03:44</date>
  <millis>1521444824970</millis>
  <sequence>16</sequence>
  <level>INFO</level>
  <class>com.kms.katalon.core.logging.KeywordLogger</class>
  <method>logMessage</method>
  <thread>1</thread>
  <message>Starting &amp;apos;Chrome&amp;apos; driver</message>
  <nestedLevel>1</nestedLevel>
</record>
<record>
  <date>2018-03-19T13:03:45</date>
  <millis>1521444825043</millis>
  <sequence>17</sequence>
  <level>INFO</level>
  <class>com.kms.katalon.core.logging.KeywordLogger</class>
  <method>logMessage</method>
  <thread>1</thread>
  <message>Action delay is set to 0 seconds</message>
  <nestedLevel>1</nestedLevel>
</record>
<record>
  <date>2018-03-19T13:03:49</date>
  <millis>1521444829901</millis>
  <sequence>19</sequence>
  <level>RUN_DATA</level>
  <class>com.kms.katalon.core.logging.KeywordLogger</class>
  <method>logMessage</method>
  <thread>1</thread>
  <message>Logging run data &amp;apos;sessionId&amp;apos; with value &amp;apos;8639d83a268557d18afd50c6990e33e1&amp;apos;</message>
  <nestedLevel>1</nestedLevel>
  <property name="sessionId">8639d83a268557d18afd50c6990e33e1</property>
</record>
<record>
  <date>2018-03-19T13:03:49</date>
  <millis>1521444829945</millis>
  <sequence>20</sequence>
  <level>RUN_DATA</level>
  <class>com.kms.katalon.core.logging.KeywordLogger</class>
  <method>logMessage</method>
  <thread>1</thread>
  <message>Logging run data &amp;apos;browser&amp;apos; with value &amp;apos;Chrome 64.0.3282.186&amp;apos;</message>
  <nestedLevel>1</nestedLevel>
  <property name="browser">Chrome 64.0.3282.186</property>
</record>
<record>
  <date>2018-03-19T13:03:49</date>
  <millis>1521444829946</millis>
  <sequence>21</sequence>
  <level>RUN_DATA</level>
  <class>com.kms.katalon.core.logging.KeywordLogger</class>
  <method>logMessage</method>
  <thread>1</thread>
  <message>Logging run data &amp;apos;platform&amp;apos; with value &amp;apos;Windows 10&amp;apos;</message>
  <nestedLevel>1</nestedLevel>
  <property name="platform">Windows 10</property>
</record>
<record>
  <date>2018-03-19T13:03:49</date>
  <millis>1521444829949</millis>
  <sequence>22</sequence>
  <level>RUN_DATA</level>
  <class>com.kms.katalon.core.logging.KeywordLogger</class>
  <method>logMessage</method>
  <thread>1</thread>
  <message>Logging run data &amp;apos;seleniumVersion&amp;apos; with value &amp;apos;3.7.1&amp;apos;</message>
  <nestedLevel>1</nestedLevel>
  <property name="seleniumVersion">3.7.1</property>
</record>
<record>
  <date>2018-03-19T13:03:49</date>
  <millis>1521444829950</millis>
  <sequence>23</sequence>
  <level>RUN_DATA</level>
  <class>com.kms.katalon.core.logging.KeywordLogger</class>
  <method>logMessage</method>
  <thread>1</thread>
  <message>Logging run data &amp;apos;proxyInformation&amp;apos; with value &amp;apos;ProxyInformation{proxyOption=NO_PROXY, proxyServerType=HTTP, password=, proxyServerAddress=, proxyServerPort=0}&amp;apos;</message>
  <nestedLevel>1</nestedLevel>
  <property name="proxyInformation">ProxyInformation{proxyOption=NO_PROXY, proxyServerType=HTTP, password=, proxyServerAddress=, proxyServerPort=0}</property>
</record>
<record>
  <date>2018-03-19T13:03:49</date>
  <millis>1521444829951</millis>
  <sequence>24</sequence>
  <level>PASSED</level>
  <class>com.kms.katalon.core.logging.KeywordLogger</class>
  <method>logMessage</method>
  <thread>1</thread>
  <message>Browser is opened with url: &amp;apos;&amp;apos;</message>
  <nestedLevel>1</nestedLevel>
</record>
<record>
  <date>2018-03-19T13:03:49</date>
  <millis>1521444829952</millis>
  <sequence>25</sequence>
  <level>END</level>
  <class>com.kms.katalon.core.logging.KeywordLogger</class>
  <method>endKeyword</method>
  <thread>1</thread>
  <message>End action : openBrowser</message>
  <nestedLevel>1</nestedLevel>
</record>
<record>
  <date>2018-03-19T13:03:49</date>
  <millis>1521444829953</millis>
  <sequence>26</sequence>
  <level>START</level>
  <class>com.kms.katalon.core.logging.KeywordLogger</class>
  <method>startKeyword</method>
  <thread>1</thread>
  <message>Start action : maximizeWindow</message>
  <nestedLevel>1</nestedLevel>
  <property name="startLine">25</property>
  <property name="stepIndex">2</property>
</record>
<record>
  <date>2018-03-19T13:03:49</date>
  <millis>1521444829975</millis>
  <sequence>27</sequence>
  <level>INFO</level>
  <class>com.kms.katalon.core.logging.KeywordLogger</class>
  <method>logMessage</method>
  <thread>1</thread>
  <message>Maximizing current window</message>
  <nestedLevel>1</nestedLevel>
</record>
<record>
  <date>2018-03-19T13:03:51</date>
  <millis>1521444831208</millis>
  <sequence>28</sequence>
  <level>PASSED</level>
  <class>com.kms.katalon.core.logging.KeywordLogger</class>
  <method>logMessage</method>
  <thread>1</thread>
  <message>Current window maximized</message>
  <nestedLevel>1</nestedLevel>
</record>
<record>
  <date>2018-03-19T13:03:51</date>
  <millis>1521444831208</millis>
  <sequence>29</sequence>
  <level>END</level>
  <class>com.kms.katalon.core.logging.KeywordLogger</class>
  <method>endKeyword</method>
  <thread>1</thread>
  <message>End action : maximizeWindow</message>
  <nestedLevel>1</nestedLevel>
</record>
<record>
  <date>2018-03-19T13:03:51</date>
  <millis>1521444831209</millis>
  <sequence>30</sequence>
  <level>START</level>
  <class>com.kms.katalon.core.logging.KeywordLogger</class>
  <method>startKeyword</method>
  <thread>1</thread>
  <message>Start action : navigateToUrl</message>
  <nestedLevel>1</nestedLevel>
  <property name="startLine">27</property>
  <property name="stepIndex">3</property>
</record>
<record>
  <date>2018-03-19T13:03:51</date>
  <millis>1521444831256</millis>
  <sequence>31</sequence>
  <level>INFO</level>
  <class>com.kms.katalon.core.logging.KeywordLogger</class>
  <method>logMessage</method>
  <thread>1</thread>
  <message>Checking url</message>
  <nestedLevel>1</nestedLevel>
</record>
<record>
  <date>2018-03-19T13:03:51</date>
  <millis>1521444831263</millis>
  <sequence>32</sequence>
  <level>INFO</level>
  <class>com.kms.katalon.core.logging.KeywordLogger</class>
  <method>logMessage</method>
  <thread>1</thread>
  <message>Navigating to &amp;apos;https://servicenowext.oktapreview.com/login/login.htm?fromURI=%2Fapp%2Fservicenowexternalportal_apttussnowperf_1%2Fexkdcery72Duhu2RN0h7%2Fsso%2Fsaml%3FSAMLRequest%3DfVJNb%252bIwFPwrke%252f5LIFgESS2qCpStxsRdg97qVznsVh1bK%252bfXei%252fX5MsUlHVnmw9z5vRzHiBrJeGrrw7qC389YAu2qxrYvanbP5cliWv8mk5nWRlMWcVB5hP9tDBhM0rEv0Ci0KrmhRJRqINooeNQseUC6Msr%252bLsJs6qXTajkyktbn6TqLHaaa7lN6E6of7UxFtFNUOBVLEekDpO29X3BxoY6fMIQnq%252f2zVx86PdkWiFCNYF0Vut0PdgW7CvgsPP7UNNDs4ZpGmK40zpY8yMcx7zPBkvXGrfJVz3aRt8t81wbAFNYAMSrYN9oZgbTH1kg5NL9ItjxsKrgOPAw4y5RoBVTBptHZNPoyiGBwN2%252f5SncHrpONi3WbH2B19sH7PDLEXU6bkGEp16qZAOlXwdjfmfI1kuzmg6ZG%252ff7X%252b9zi4pkuXFJTPiKiOhU4ZGxmey%252bOJgkb5TG6UNfQz0m3WjpeBv0Z22PXOfq%252bdJPkxEF%252b8HKIWeCbnqOguIoV8p9fHWAnNQE2d9KCVdjrLXv3T5Dw%253d%253d%26RelayState%3Dhttps%3A%2F%2Fservicenow-apttus11.apttuscloud.com%2Fui%2Fclm%2Fclm%2Fagreement%2Fdetail%2Fccab1e29-9f22-e811-896b-00155d7fe074&amp;apos;</message>
  <nestedLevel>1</nestedLevel>
</record>
<record>
  <date>2018-03-19T13:04:10</date>
  <millis>1521444850656</millis>
  <sequence>33</sequence>
  <level>PASSED</level>
  <class>com.kms.katalon.core.logging.KeywordLogger</class>
  <method>logMessage</method>
  <thread>1</thread>
  <message>Navigate to &amp;apos;https://servicenowext.oktapreview.com/login/login.htm?fromURI=%2Fapp%2Fservicenowexternalportal_apttussnowperf_1%2Fexkdcery72Duhu2RN0h7%2Fsso%2Fsaml%3FSAMLRequest%3DfVJNb%252bIwFPwrke%252f5LIFgESS2qCpStxsRdg97qVznsVh1bK%252bfXei%252fX5MsUlHVnmw9z5vRzHiBrJeGrrw7qC389YAu2qxrYvanbP5cliWv8mk5nWRlMWcVB5hP9tDBhM0rEv0Ci0KrmhRJRqINooeNQseUC6Msr%252bLsJs6qXTajkyktbn6TqLHaaa7lN6E6of7UxFtFNUOBVLEekDpO29X3BxoY6fMIQnq%252f2zVx86PdkWiFCNYF0Vut0PdgW7CvgsPP7UNNDs4ZpGmK40zpY8yMcx7zPBkvXGrfJVz3aRt8t81wbAFNYAMSrYN9oZgbTH1kg5NL9ItjxsKrgOPAw4y5RoBVTBptHZNPoyiGBwN2%252f5SncHrpONi3WbH2B19sH7PDLEXU6bkGEp16qZAOlXwdjfmfI1kuzmg6ZG%252ff7X%252b9zi4pkuXFJTPiKiOhU4ZGxmey%252bOJgkb5TG6UNfQz0m3WjpeBv0Z22PXOfq%252bdJPkxEF%252b8HKIWeCbnqOguIoV8p9fHWAnNQE2d9KCVdjrLXv3T5Dw%253d%253d%26RelayState%3Dhttps%3A%2F%2Fservicenow-apttus11.apttuscloud.com%2Fui%2Fclm%2Fclm%2Fagreement%2Fdetail%2Fccab1e29-9f22-e811-896b-00155d7fe074&amp;apos; successfully</message>
  <nestedLevel>1</nestedLevel>
</record>
<record>
  <date>2018-03-19T13:04:10</date>
  <millis>1521444850657</millis>
  <sequence>34</sequence>
  <level>END</level>
  <class>com.kms.katalon.core.logging.KeywordLogger</class>
  <method>endKeyword</method>
  <thread>1</thread>
  <message>End action : navigateToUrl</message>
  <nestedLevel>1</nestedLevel>
</record>
<record>
  <date>2018-03-19T13:04:10</date>
  <millis>1521444850657</millis>
  <sequence>35</sequence>
  <level>START</level>
  <class>com.kms.katalon.core.logging.KeywordLogger</class>
  <method>startKeyword</method>
  <thread>1</thread>
  <message>Start action : setText</message>
  <nestedLevel>1</nestedLevel>
  <property name="startLine">29</property>
  <property name="stepIndex">4</property>
</record>
<record>
  <date>2018-03-19T13:04:10</date>
  <millis>1521444850666</millis>
  <sequence>36</sequence>
  <level>INFO</level>
  <class>com.kms.katalon.core.logging.KeywordLogger</class>
  <method>logMessage</method>
  <thread>1</thread>
  <message>Finding Test Object with id &amp;apos;Object Repository/Page_SSOUAT/input_username&amp;apos;</message>
  <nestedLevel>1</nestedLevel>
</record>
<record>
  <date>2018-03-19T13:04:10</date>
  <millis>1521444850687</millis>
  <sequence>37</sequence>
  <level>INFO</level>
  <class>com.kms.katalon.core.logging.KeywordLogger</class>
  <method>logMessage</method>
  <thread>1</thread>
  <message>Checking object</message>
  <nestedLevel>1</nestedLevel>
</record>
<record>
  <date>2018-03-19T13:04:10</date>
  <millis>1521444850687</millis>
  <sequence>38</sequence>
  <level>INFO</level>
  <class>com.kms.katalon.core.logging.KeywordLogger</class>
  <method>logMessage</method>
  <thread>1</thread>
  <message>Checking text</message>
  <nestedLevel>1</nestedLevel>
</record>
<record>
  <date>2018-03-19T13:04:10</date>
  <millis>1521444850688</millis>
  <sequence>39</sequence>
  <level>INFO</level>
  <class>com.kms.katalon.core.logging.KeywordLogger</class>
  <method>logMessage</method>
  <thread>1</thread>
  <message>Checking timeout</message>
  <nestedLevel>1</nestedLevel>
</record>
<record>
  <date>2018-03-19T13:04:10</date>
  <millis>1521444850702</millis>
  <sequence>40</sequence>
  <level>INFO</level>
  <class>com.kms.katalon.core.logging.KeywordLogger</class>
  <method>logMessage</method>
  <thread>1</thread>
  <message>Finding web element with id: &amp;apos;Object Repository/Page_SSOUAT/input_username&amp;apos; located by &amp;apos;By.xpath: id(\&amp;quot;username\&amp;quot;)[count(. | //input[@type = &amp;apos;text&amp;apos; and @id = &amp;apos;username&amp;apos; and @placeholder = &amp;apos;Username (E-Mail)&amp;apos;]) = count(//input[@type = &amp;apos;text&amp;apos; and @id = &amp;apos;username&amp;apos; and @placeholder = &amp;apos;Username (E-Mail)&amp;apos;])]&amp;apos; in &amp;apos;30&amp;apos; second(s)</message>
  <nestedLevel>1</nestedLevel>
</record>
<record>
  <date>2018-03-19T13:04:10</date>
  <millis>1521444850751</millis>
  <sequence>41</sequence>
  <level>INFO</level>
  <class>com.kms.katalon.core.logging.KeywordLogger</class>
  <method>logMessage</method>
  <thread>1</thread>
  <message>Found 1 web elements with id: &amp;apos;Object Repository/Page_SSOUAT/input_username&amp;apos; located by &amp;apos;By.xpath: id(\&amp;quot;username\&amp;quot;)[count(. | //input[@type = &amp;apos;text&amp;apos; and @id = &amp;apos;username&amp;apos; and @placeholder = &amp;apos;Username (E-Mail)&amp;apos;]) = count(//input[@type = &amp;apos;text&amp;apos; and @id = &amp;apos;username&amp;apos; and @placeholder = &amp;apos;Username (E-Mail)&amp;apos;])]&amp;apos; in &amp;apos;30&amp;apos; second(s)</message>
  <nestedLevel>1</nestedLevel>
</record>
<record>
  <date>2018-03-19T13:04:10</date>
  <millis>1521444850751</millis>
  <sequence>42</sequence>
  <level>INFO</level>
  <class>com.kms.katalon.core.logging.KeywordLogger</class>
  <method>logMessage</method>
  <thread>1</thread>
  <message>Clearing text of object &amp;apos;Object Repository/Page_SSOUAT/input_username&amp;apos;</message>
  <nestedLevel>1</nestedLevel>
</record>
<record>
  <date>2018-03-19T13:04:10</date>
  <millis>1521444850802</millis>
  <sequence>43</sequence>
  <level>INFO</level>
  <class>com.kms.katalon.core.logging.KeywordLogger</class>
  <method>logMessage</method>
  <thread>1</thread>
  <message>Checking timeout</message>
  <nestedLevel>1</nestedLevel>
</record>
<record>
  <date>2018-03-19T13:04:10</date>
  <millis>1521444850803</millis>
  <sequence>44</sequence>
  <level>INFO</level>
  <class>com.kms.katalon.core.logging.KeywordLogger</class>
  <method>logMessage</method>
  <thread>1</thread>
  <message>Finding web element with id: &amp;apos;Object Repository/Page_SSOUAT/input_username&amp;apos; located by &amp;apos;By.xpath: id(\&amp;quot;username\&amp;quot;)[count(. | //input[@type = &amp;apos;text&amp;apos; and @id = &amp;apos;username&amp;apos; and @placeholder = &amp;apos;Username (E-Mail)&amp;apos;]) = count(//input[@type = &amp;apos;text&amp;apos; and @id = &amp;apos;username&amp;apos; and @placeholder = &amp;apos;Username (E-Mail)&amp;apos;])]&amp;apos; in &amp;apos;30&amp;apos; second(s)</message>
  <nestedLevel>1</nestedLevel>
</record>
<record>
  <date>2018-03-19T13:04:10</date>
  <millis>1521444850823</millis>
  <sequence>45</sequence>
  <level>INFO</level>
  <class>com.kms.katalon.core.logging.KeywordLogger</class>
  <method>logMessage</method>
  <thread>1</thread>
  <message>Found 1 web elements with id: &amp;apos;Object Repository/Page_SSOUAT/input_username&amp;apos; located by &amp;apos;By.xpath: id(\&amp;quot;username\&amp;quot;)[count(. | //input[@type = &amp;apos;text&amp;apos; and @id = &amp;apos;username&amp;apos; and @placeholder = &amp;apos;Username (E-Mail)&amp;apos;]) = count(//input[@type = &amp;apos;text&amp;apos; and @id = &amp;apos;username&amp;apos; and @placeholder = &amp;apos;Username (E-Mail)&amp;apos;])]&amp;apos; in &amp;apos;30&amp;apos; second(s)</message>
  <nestedLevel>1</nestedLevel>
</record>
<record>
  <date>2018-03-19T13:04:10</date>
  <millis>1521444850833</millis>
  <sequence>46</sequence>
  <level>INFO</level>
  <class>com.kms.katalon.core.logging.KeywordLogger</class>
  <method>logMessage</method>
  <thread>1</thread>
  <message>Setting text of object &amp;apos;Object Repository/Page_SSOUAT/input_username&amp;apos; to value &amp;apos;prachy.gupta@servicenow.com&amp;apos;</message>
  <nestedLevel>1</nestedLevel>
</record>
<record>
  <date>2018-03-19T13:04:11</date>
  <millis>1521444851156</millis>
  <sequence>47</sequence>
  <level>PASSED</level>
  <class>com.kms.katalon.core.logging.KeywordLogger</class>
  <method>logMessage</method>
  <thread>1</thread>
  <message>Text &amp;apos;prachy.gupta@servicenow.com&amp;apos; is set on object &amp;apos;Object Repository/Page_SSOUAT/input_username&amp;apos;</message>
  <nestedLevel>1</nestedLevel>
</record>
<record>
  <date>2018-03-19T13:04:11</date>
  <millis>1521444851157</millis>
  <sequence>48</sequence>
  <level>END</level>
  <class>com.kms.katalon.core.logging.KeywordLogger</class>
  <method>endKeyword</method>
  <thread>1</thread>
  <message>End action : setText</message>
  <nestedLevel>1</nestedLevel>
</record>
<record>
  <date>2018-03-19T13:04:11</date>
  <millis>1521444851157</millis>
  <sequence>49</sequence>
  <level>START</level>
  <class>com.kms.katalon.core.logging.KeywordLogger</class>
  <method>startKeyword</method>
  <thread>1</thread>
  <message>Start action : setText</message>
  <nestedLevel>1</nestedLevel>
  <property name="startLine">31</property>
  <property name="stepIndex">5</property>
</record>
<record>
  <date>2018-03-19T13:04:11</date>
  <millis>1521444851158</millis>
  <sequence>50</sequence>
  <level>INFO</level>
  <class>com.kms.katalon.core.logging.KeywordLogger</class>
  <method>logMessage</method>
  <thread>1</thread>
  <message>Finding Test Object with id &amp;apos;Object Repository/Page_SSOUAT/input_password&amp;apos;</message>
  <nestedLevel>1</nestedLevel>
</record>
<record>
  <date>2018-03-19T13:04:11</date>
  <millis>1521444851165</millis>
  <sequence>51</sequence>
  <level>INFO</level>
  <class>com.kms.katalon.core.logging.KeywordLogger</class>
  <method>logMessage</method>
  <thread>1</thread>
  <message>Checking object</message>
  <nestedLevel>1</nestedLevel>
</record>
<record>
  <date>2018-03-19T13:04:11</date>
  <millis>1521444851165</millis>
  <sequence>52</sequence>
  <level>INFO</level>
  <class>com.kms.katalon.core.logging.KeywordLogger</class>
  <method>logMessage</method>
  <thread>1</thread>
  <message>Checking text</message>
  <nestedLevel>1</nestedLevel>
</record>
<record>
  <date>2018-03-19T13:04:11</date>
  <millis>1521444851166</millis>
  <sequence>53</sequence>
  <level>INFO</level>
  <class>com.kms.katalon.core.logging.KeywordLogger</class>
  <method>logMessage</method>
  <thread>1</thread>
  <message>Checking timeout</message>
  <nestedLevel>1</nestedLevel>
</record>
<record>
  <date>2018-03-19T13:04:11</date>
  <millis>1521444851167</millis>
  <sequence>54</sequence>
  <level>INFO</level>
  <class>com.kms.katalon.core.logging.KeywordLogger</class>
  <method>logMessage</method>
  <thread>1</thread>
  <message>Finding web element with id: &amp;apos;Object Repository/Page_SSOUAT/input_password&amp;apos; located by &amp;apos;By.xpath: //input[@type = &amp;apos;password&amp;apos; and @id = &amp;apos;password&amp;apos; and @placeholder = &amp;apos;Password&amp;apos;]&amp;apos; in &amp;apos;30&amp;apos; second(s)</message>
  <nestedLevel>1</nestedLevel>
</record>
<record>
  <date>2018-03-19T13:04:11</date>
  <millis>1521444851192</millis>
  <sequence>55</sequence>
  <level>INFO</level>
  <class>com.kms.katalon.core.logging.KeywordLogger</class>
  <method>logMessage</method>
  <thread>1</thread>
  <message>Found 1 web elements with id: &amp;apos;Object Repository/Page_SSOUAT/input_password&amp;apos; located by &amp;apos;By.xpath: //input[@type = &amp;apos;password&amp;apos; and @id = &amp;apos;password&amp;apos; and @placeholder = &amp;apos;Password&amp;apos;]&amp;apos; in &amp;apos;30&amp;apos; second(s)</message>
  <nestedLevel>1</nestedLevel>
</record>
<record>
  <date>2018-03-19T13:04:11</date>
  <millis>1521444851192</millis>
  <sequence>56</sequence>
  <level>INFO</level>
  <class>com.kms.katalon.core.logging.KeywordLogger</class>
  <method>logMessage</method>
  <thread>1</thread>
  <message>Clearing text of object &amp;apos;Object Repository/Page_SSOUAT/input_password&amp;apos;</message>
  <nestedLevel>1</nestedLevel>
</record>
<record>
  <date>2018-03-19T13:04:11</date>
  <millis>1521444851228</millis>
  <sequence>57</sequence>
  <level>INFO</level>
  <class>com.kms.katalon.core.logging.KeywordLogger</class>
  <method>logMessage</method>
  <thread>1</thread>
  <message>Checking timeout</message>
  <nestedLevel>1</nestedLevel>
</record>
<record>
  <date>2018-03-19T13:04:11</date>
  <millis>1521444851229</millis>
  <sequence>58</sequence>
  <level>INFO</level>
  <class>com.kms.katalon.core.logging.KeywordLogger</class>
  <method>logMessage</method>
  <thread>1</thread>
  <message>Finding web element with id: &amp;apos;Object Repository/Page_SSOUAT/input_password&amp;apos; located by &amp;apos;By.xpath: //input[@type = &amp;apos;password&amp;apos; and @id = &amp;apos;password&amp;apos; and @placeholder = &amp;apos;Password&amp;apos;]&amp;apos; in &amp;apos;30&amp;apos; second(s)</message>
  <nestedLevel>1</nestedLevel>
</record>
<record>
  <date>2018-03-19T13:04:11</date>
  <millis>1521444851264</millis>
  <sequence>59</sequence>
  <level>INFO</level>
  <class>com.kms.katalon.core.logging.KeywordLogger</class>
  <method>logMessage</method>
  <thread>1</thread>
  <message>Found 1 web elements with id: &amp;apos;Object Repository/Page_SSOUAT/input_password&amp;apos; located by &amp;apos;By.xpath: //input[@type = &amp;apos;password&amp;apos; and @id = &amp;apos;password&amp;apos; and @placeholder = &amp;apos;Password&amp;apos;]&amp;apos; in &amp;apos;30&amp;apos; second(s)</message>
  <nestedLevel>1</nestedLevel>
</record>
<record>
  <date>2018-03-19T13:04:11</date>
  <millis>1521444851264</millis>
  <sequence>60</sequence>
  <level>INFO</level>
  <class>com.kms.katalon.core.logging.KeywordLogger</class>
  <method>logMessage</method>
  <thread>1</thread>
  <message>Setting text of object &amp;apos;Object Repository/Page_SSOUAT/input_password&amp;apos; to value &amp;apos;White%balls%&amp;apos;</message>
  <nestedLevel>1</nestedLevel>
</record>
<record>
  <date>2018-03-19T13:04:11</date>
  <millis>1521444851406</millis>
  <sequence>61</sequence>
  <level>PASSED</level>
  <class>com.kms.katalon.core.logging.KeywordLogger</class>
  <method>logMessage</method>
  <thread>1</thread>
  <message>Text &amp;apos;White%balls%&amp;apos; is set on object &amp;apos;Object Repository/Page_SSOUAT/input_password&amp;apos;</message>
  <nestedLevel>1</nestedLevel>
</record>
<record>
  <date>2018-03-19T13:04:11</date>
  <millis>1521444851407</millis>
  <sequence>62</sequence>
  <level>END</level>
  <class>com.kms.katalon.core.logging.KeywordLogger</class>
  <method>endKeyword</method>
  <thread>1</thread>
  <message>End action : setText</message>
  <nestedLevel>1</nestedLevel>
</record>
<record>
  <date>2018-03-19T13:04:11</date>
  <millis>1521444851407</millis>
  <sequence>63</sequence>
  <level>START</level>
  <class>com.kms.katalon.core.logging.KeywordLogger</class>
  <method>startKeyword</method>
  <thread>1</thread>
  <message>Start action : click</message>
  <nestedLevel>1</nestedLevel>
  <property name="startLine">33</property>
  <property name="stepIndex">6</property>
</record>
<record>
  <date>2018-03-19T13:04:11</date>
  <millis>1521444851408</millis>
  <sequence>64</sequence>
  <level>INFO</level>
  <class>com.kms.katalon.core.logging.KeywordLogger</class>
  <method>logMessage</method>
  <thread>1</thread>
  <message>Finding Test Object with id &amp;apos;Object Repository/Page_SSOUAT/input_submitButton&amp;apos;</message>
  <nestedLevel>1</nestedLevel>
</record>
<record>
  <date>2018-03-19T13:04:11</date>
  <millis>1521444851425</millis>
  <sequence>65</sequence>
  <level>INFO</level>
  <class>com.kms.katalon.core.logging.KeywordLogger</class>
  <method>logMessage</method>
  <thread>1</thread>
  <message>Checking object</message>
  <nestedLevel>1</nestedLevel>
</record>
<record>
  <date>2018-03-19T13:04:11</date>
  <millis>1521444851425</millis>
  <sequence>66</sequence>
  <level>INFO</level>
  <class>com.kms.katalon.core.logging.KeywordLogger</class>
  <method>logMessage</method>
  <thread>1</thread>
  <message>Checking timeout</message>
  <nestedLevel>1</nestedLevel>
</record>
<record>
  <date>2018-03-19T13:04:11</date>
  <millis>1521444851426</millis>
  <sequence>67</sequence>
  <level>INFO</level>
  <class>com.kms.katalon.core.logging.KeywordLogger</class>
  <method>logMessage</method>
  <thread>1</thread>
  <message>Finding web element with id: &amp;apos;Object Repository/Page_SSOUAT/input_submitButton&amp;apos; located by &amp;apos;By.xpath: //input[@type = &amp;apos;button&amp;apos; and @id = &amp;apos;submitButton&amp;apos;]&amp;apos; in &amp;apos;30&amp;apos; second(s)</message>
  <nestedLevel>1</nestedLevel>
</record>
<record>
  <date>2018-03-19T13:04:11</date>
  <millis>1521444851457</millis>
  <sequence>68</sequence>
  <level>INFO</level>
  <class>com.kms.katalon.core.logging.KeywordLogger</class>
  <method>logMessage</method>
  <thread>1</thread>
  <message>Found 1 web elements with id: &amp;apos;Object Repository/Page_SSOUAT/input_submitButton&amp;apos; located by &amp;apos;By.xpath: //input[@type = &amp;apos;button&amp;apos; and @id = &amp;apos;submitButton&amp;apos;]&amp;apos; in &amp;apos;30&amp;apos; second(s)</message>
  <nestedLevel>1</nestedLevel>
</record>
<record>
  <date>2018-03-19T13:04:11</date>
  <millis>1521444851457</millis>
  <sequence>69</sequence>
  <level>INFO</level>
  <class>com.kms.katalon.core.logging.KeywordLogger</class>
  <method>logMessage</method>
  <thread>1</thread>
  <message>Clicking on object: &amp;apos;Object Repository/Page_SSOUAT/input_submitButton&amp;apos;</message>
  <nestedLevel>1</nestedLevel>
</record>
<record>
  <date>2018-03-19T13:04:11</date>
  <millis>1521444851573</millis>
  <sequence>70</sequence>
  <level>PASSED</level>
  <class>com.kms.katalon.core.logging.KeywordLogger</class>
  <method>logMessage</method>
  <thread>1</thread>
  <message>Object: &amp;apos;Object Repository/Page_SSOUAT/input_submitButton&amp;apos; is clicked on</message>
  <nestedLevel>1</nestedLevel>
</record>
<record>
  <date>2018-03-19T13:04:11</date>
  <millis>1521444851574</millis>
  <sequence>71</sequence>
  <level>END</level>
  <class>com.kms.katalon.core.logging.KeywordLogger</class>
  <method>endKeyword</method>
  <thread>1</thread>
  <message>End action : click</message>
  <nestedLevel>1</nestedLevel>
</record>
<record>
  <date>2018-03-19T13:04:11</date>
  <millis>1521444851574</millis>
  <sequence>72</sequence>
  <level>START</level>
  <class>com.kms.katalon.core.logging.KeywordLogger</class>
  <method>startKeyword</method>
  <thread>1</thread>
  <message>Start action : waitForElementClickable</message>
  <nestedLevel>1</nestedLevel>
  <property name="startLine">35</property>
  <property name="stepIndex">7</property>
</record>
<record>
  <date>2018-03-19T13:04:11</date>
  <millis>1521444851575</millis>
  <sequence>73</sequence>
  <level>INFO</level>
  <class>com.kms.katalon.core.logging.KeywordLogger</class>
  <method>logMessage</method>
  <thread>1</thread>
  <message>Finding Test Object with id &amp;apos;Object Repository/Page_Apttus - Contract Lifecycle Ma/button_Send to Requester&amp;apos;</message>
  <nestedLevel>1</nestedLevel>
</record>
<record>
  <date>2018-03-19T13:04:11</date>
  <millis>1521444851594</millis>
  <sequence>74</sequence>
  <level>INFO</level>
  <class>com.kms.katalon.core.logging.KeywordLogger</class>
  <method>logMessage</method>
  <thread>1</thread>
  <message>Checking object</message>
  <nestedLevel>1</nestedLevel>
</record>
<record>
  <date>2018-03-19T13:04:11</date>
  <millis>1521444851595</millis>
  <sequence>75</sequence>
  <level>INFO</level>
  <class>com.kms.katalon.core.logging.KeywordLogger</class>
  <method>logMessage</method>
  <thread>1</thread>
  <message>Checking timeout</message>
  <nestedLevel>1</nestedLevel>
</record>
<record>
  <date>2018-03-19T13:04:11</date>
  <millis>1521444851595</millis>
  <sequence>76</sequence>
  <level>INFO</level>
  <class>com.kms.katalon.core.logging.KeywordLogger</class>
  <method>logMessage</method>
  <thread>1</thread>
  <message>Checking timeout</message>
  <nestedLevel>1</nestedLevel>
</record>
<record>
  <date>2018-03-19T13:04:11</date>
  <millis>1521444851596</millis>
  <sequence>77</sequence>
  <level>INFO</level>
  <class>com.kms.katalon.core.logging.KeywordLogger</class>
  <method>logMessage</method>
  <thread>1</thread>
  <message>Finding web element with id: &amp;apos;Object Repository/Page_Apttus - Contract Lifecycle Ma/button_Send to Requester&amp;apos; located by &amp;apos;By.xpath: //button[@type = &amp;apos;button&amp;apos; and (text() = &amp;apos;Send to Requester\n\t\t&amp;apos; or . = &amp;apos;Send to Requester\n\t\t&amp;apos;)]&amp;apos; in &amp;apos;90&amp;apos; second(s)</message>
  <nestedLevel>1</nestedLevel>
</record>
<record>
  <date>2018-03-19T13:04:56</date>
  <millis>1521444896591</millis>
  <sequence>78</sequence>
  <level>INFO</level>
  <class>com.kms.katalon.core.logging.KeywordLogger</class>
  <method>logMessage</method>
  <thread>1</thread>
  <message>Found 1 web elements with id: &amp;apos;Object Repository/Page_Apttus - Contract Lifecycle Ma/button_Send to Requester&amp;apos; located by &amp;apos;By.xpath: //button[@type = &amp;apos;button&amp;apos; and (text() = &amp;apos;Send to Requester\n\t\t&amp;apos; or . = &amp;apos;Send to Requester\n\t\t&amp;apos;)]&amp;apos; in &amp;apos;90&amp;apos; second(s)</message>
  <nestedLevel>1</nestedLevel>
</record>
<record>
  <date>2018-03-19T13:04:58</date>
  <millis>1521444898993</millis>
  <sequence>79</sequence>
  <level>PASSED</level>
  <class>com.kms.katalon.core.logging.KeywordLogger</class>
  <method>logMessage</method>
  <thread>1</thread>
  <message>Object &amp;apos;Object Repository/Page_Apttus - Contract Lifecycle Ma/button_Send to Requester&amp;apos; is clickable</message>
  <nestedLevel>1</nestedLevel>
</record>
<record>
  <date>2018-03-19T13:04:58</date>
  <millis>1521444898994</millis>
  <sequence>80</sequence>
  <level>END</level>
  <class>com.kms.katalon.core.logging.KeywordLogger</class>
  <method>endKeyword</method>
  <thread>1</thread>
  <message>End action : waitForElementClickable</message>
  <nestedLevel>1</nestedLevel>
</record>
<record>
  <date>2018-03-19T13:04:58</date>
  <millis>1521444898994</millis>
  <sequence>81</sequence>
  <level>START</level>
  <class>com.kms.katalon.core.logging.KeywordLogger</class>
  <method>startKeyword</method>
  <thread>1</thread>
  <message>Start action : Statement - statusAuthoring = com.kms.katalon.core.webui.keyword.WebUiBuiltInKeywords.getText(com.kms.katalon.core.testobject.ObjectRepository.findTestObject(Page_Apttus - Contract Lifecycle Ma/md-chip_In Authoring  Author C))</message>
  <nestedLevel>1</nestedLevel>
  <property name="startLine">37</property>
  <property name="stepIndex">8</property>
</record>
<record>
  <date>2018-03-19T13:04:58</date>
  <millis>1521444898995</millis>
  <sequence>82</sequence>
  <level>INFO</level>
  <class>com.kms.katalon.core.logging.KeywordLogger</class>
  <method>logMessage</method>
  <thread>1</thread>
  <message>Finding Test Object with id &amp;apos;Object Repository/Page_Apttus - Contract Lifecycle Ma/md-chip_In Authoring  Author C&amp;apos;</message>
  <nestedLevel>1</nestedLevel>
</record>
<record>
  <date>2018-03-19T13:04:59</date>
  <millis>1521444899012</millis>
  <sequence>83</sequence>
  <level>INFO</level>
  <class>com.kms.katalon.core.logging.KeywordLogger</class>
  <method>logMessage</method>
  <thread>1</thread>
  <message>Checking object</message>
  <nestedLevel>1</nestedLevel>
</record>
<record>
  <date>2018-03-19T13:04:59</date>
  <millis>1521444899012</millis>
  <sequence>84</sequence>
  <level>INFO</level>
  <class>com.kms.katalon.core.logging.KeywordLogger</class>
  <method>logMessage</method>
  <thread>1</thread>
  <message>Checking timeout</message>
  <nestedLevel>1</nestedLevel>
</record>
<record>
  <date>2018-03-19T13:04:59</date>
  <millis>1521444899016</millis>
  <sequence>85</sequence>
  <level>INFO</level>
  <class>com.kms.katalon.core.logging.KeywordLogger</class>
  <method>logMessage</method>
  <thread>1</thread>
  <message>Finding web element with id: &amp;apos;Object Repository/Page_Apttus - Contract Lifecycle Ma/md-chip_In Authoring  Author C&amp;apos; located by &amp;apos;By.xpath: //md-chip[(text() = &amp;apos;\n\t\t\t\tIn Authoring | Author Contract\n\t\t\t&amp;apos; or . = &amp;apos;\n\t\t\t\tIn Authoring | Author Contract\n\t\t\t&amp;apos;)]&amp;apos; in &amp;apos;30&amp;apos; second(s)</message>
  <nestedLevel>1</nestedLevel>
</record>
<record>
  <date>2018-03-19T13:04:59</date>
  <millis>1521444899399</millis>
  <sequence>86</sequence>
  <level>INFO</level>
  <class>com.kms.katalon.core.logging.KeywordLogger</class>
  <method>logMessage</method>
  <thread>1</thread>
  <message>Found 1 web elements with id: &amp;apos;Object Repository/Page_Apttus - Contract Lifecycle Ma/md-chip_In Authoring  Author C&amp;apos; located by &amp;apos;By.xpath: //md-chip[(text() = &amp;apos;\n\t\t\t\tIn Authoring | Author Contract\n\t\t\t&amp;apos; or . = &amp;apos;\n\t\t\t\tIn Authoring | Author Contract\n\t\t\t&amp;apos;)]&amp;apos; in &amp;apos;30&amp;apos; second(s)</message>
  <nestedLevel>1</nestedLevel>
</record>
<record>
  <date>2018-03-19T13:04:59</date>
  <millis>1521444899399</millis>
  <sequence>87</sequence>
  <level>INFO</level>
  <class>com.kms.katalon.core.logging.KeywordLogger</class>
  <method>logMessage</method>
  <thread>1</thread>
  <message>Getting text of object &amp;apos;Object Repository/Page_Apttus - Contract Lifecycle Ma/md-chip_In Authoring  Author C&amp;apos;</message>
  <nestedLevel>1</nestedLevel>
</record>
<record>
  <date>2018-03-19T13:04:59</date>
  <millis>1521444899585</millis>
  <sequence>88</sequence>
  <level>PASSED</level>
  <class>com.kms.katalon.core.logging.KeywordLogger</class>
  <method>logMessage</method>
  <thread>1</thread>
  <message>Text of object &amp;apos;Object Repository/Page_Apttus - Contract Lifecycle Ma/md-chip_In Authoring  Author C&amp;apos; is: &amp;apos;In Authoring | Author Contract&amp;apos;</message>
  <nestedLevel>1</nestedLevel>
</record>
<record>
  <date>2018-03-19T13:04:59</date>
  <millis>1521444899586</millis>
  <sequence>89</sequence>
  <level>END</level>
  <class>com.kms.katalon.core.logging.KeywordLogger</class>
  <method>endKeyword</method>
  <thread>1</thread>
  <message>End action : Statement - statusAuthoring = com.kms.katalon.core.webui.keyword.WebUiBuiltInKeywords.getText(com.kms.katalon.core.testobject.ObjectRepository.findTestObject(Page_Apttus - Contract Lifecycle Ma/md-chip_In Authoring  Author C))</message>
  <nestedLevel>1</nestedLevel>
</record>
<record>
  <date>2018-03-19T13:04:59</date>
  <millis>1521444899586</millis>
  <sequence>90</sequence>
  <level>START</level>
  <class>com.kms.katalon.core.logging.KeywordLogger</class>
  <method>startKeyword</method>
  <thread>1</thread>
  <message>Start action : verifyEqual</message>
  <nestedLevel>1</nestedLevel>
  <property name="startLine">39</property>
  <property name="stepIndex">9</property>
</record>
<record>
  <date>2018-03-19T13:04:59</date>
  <millis>1521444899616</millis>
  <sequence>91</sequence>
  <level>INFO</level>
  <class>com.kms.katalon.core.logging.KeywordLogger</class>
  <method>logMessage</method>
  <thread>1</thread>
  <message>Comparing actual object &amp;apos;In Authoring | Author Contract&amp;apos; with expected object &amp;apos;In Authoring | Author Contract&amp;apos;</message>
  <nestedLevel>1</nestedLevel>
</record>
<record>
  <date>2018-03-19T13:04:59</date>
  <millis>1521444899619</millis>
  <sequence>92</sequence>
  <level>PASSED</level>
  <class>com.kms.katalon.core.logging.KeywordLogger</class>
  <method>logMessage</method>
  <thread>1</thread>
  <message>Actual object &amp;apos;In Authoring | Author Contract&amp;apos; and expected object &amp;apos;In Authoring | Author Contract&amp;apos; are equal</message>
  <nestedLevel>1</nestedLevel>
</record>
<record>
  <date>2018-03-19T13:04:59</date>
  <millis>1521444899620</millis>
  <sequence>93</sequence>
  <level>END</level>
  <class>com.kms.katalon.core.logging.KeywordLogger</class>
  <method>endKeyword</method>
  <thread>1</thread>
  <message>End action : verifyEqual</message>
  <nestedLevel>1</nestedLevel>
</record>
<record>
  <date>2018-03-19T13:04:59</date>
  <millis>1521444899622</millis>
  <sequence>94</sequence>
  <level>START</level>
  <class>com.kms.katalon.core.logging.KeywordLogger</class>
  <method>startKeyword</method>
  <thread>1</thread>
  <message>Start action : click</message>
  <nestedLevel>1</nestedLevel>
  <property name="startLine">41</property>
  <property name="stepIndex">10</property>
</record>
<record>
  <date>2018-03-19T13:04:59</date>
  <millis>1521444899623</millis>
  <sequence>95</sequence>
  <level>INFO</level>
  <class>com.kms.katalon.core.logging.KeywordLogger</class>
  <method>logMessage</method>
  <thread>1</thread>
  <message>Finding Test Object with id &amp;apos;Object Repository/Page_Apttus - Contract Lifecycle Ma/nextbutton&amp;apos;</message>
  <nestedLevel>1</nestedLevel>
</record>
<record>
  <date>2018-03-19T13:04:59</date>
  <millis>1521444899627</millis>
  <sequence>96</sequence>
  <level>INFO</level>
  <class>com.kms.katalon.core.logging.KeywordLogger</class>
  <method>logMessage</method>
  <thread>1</thread>
  <message>Checking object</message>
  <nestedLevel>1</nestedLevel>
</record>
<record>
  <date>2018-03-19T13:04:59</date>
  <millis>1521444899628</millis>
  <sequence>97</sequence>
  <level>INFO</level>
  <class>com.kms.katalon.core.logging.KeywordLogger</class>
  <method>logMessage</method>
  <thread>1</thread>
  <message>Checking timeout</message>
  <nestedLevel>1</nestedLevel>
</record>
<record>
  <date>2018-03-19T13:04:59</date>
  <millis>1521444899628</millis>
  <sequence>98</sequence>
  <level>INFO</level>
  <class>com.kms.katalon.core.logging.KeywordLogger</class>
  <method>logMessage</method>
  <thread>1</thread>
  <message>Finding web element with id: &amp;apos;Object Repository/Page_Apttus - Contract Lifecycle Ma/nextbutton&amp;apos; located by &amp;apos;By.xpath: /html/body/div[1]/main/div/section/div/div/div/div[2]/div[2]/div[2]/div[2]/div[2]/div/div/div/md-tabs/md-tabs-wrapper/md-next-button&amp;apos; in &amp;apos;30&amp;apos; second(s)</message>
  <nestedLevel>1</nestedLevel>
</record>
<record>
  <date>2018-03-19T13:04:59</date>
  <millis>1521444899745</millis>
  <sequence>99</sequence>
  <level>INFO</level>
  <class>com.kms.katalon.core.logging.KeywordLogger</class>
  <method>logMessage</method>
  <thread>1</thread>
  <message>Found 1 web elements with id: &amp;apos;Object Repository/Page_Apttus - Contract Lifecycle Ma/nextbutton&amp;apos; located by &amp;apos;By.xpath: /html/body/div[1]/main/div/section/div/div/div/div[2]/div[2]/div[2]/div[2]/div[2]/div/div/div/md-tabs/md-tabs-wrapper/md-next-button&amp;apos; in &amp;apos;30&amp;apos; second(s)</message>
  <nestedLevel>1</nestedLevel>
</record>
<record>
  <date>2018-03-19T13:04:59</date>
  <millis>1521444899746</millis>
  <sequence>100</sequence>
  <level>INFO</level>
  <class>com.kms.katalon.core.logging.KeywordLogger</class>
  <method>logMessage</method>
  <thread>1</thread>
  <message>Clicking on object: &amp;apos;Object Repository/Page_Apttus - Contract Lifecycle Ma/nextbutton&amp;apos;</message>
  <nestedLevel>1</nestedLevel>
</record>
<record>
  <date>2018-03-19T13:05:00</date>
  <millis>1521444900577</millis>
  <sequence>101</sequence>
  <level>PASSED</level>
  <class>com.kms.katalon.core.logging.KeywordLogger</class>
  <method>logMessage</method>
  <thread>1</thread>
  <message>Object: &amp;apos;Object Repository/Page_Apttus - Contract Lifecycle Ma/nextbutton&amp;apos; is clicked on</message>
  <nestedLevel>1</nestedLevel>
</record>
<record>
  <date>2018-03-19T13:05:00</date>
  <millis>1521444900578</millis>
  <sequence>102</sequence>
  <level>END</level>
  <class>com.kms.katalon.core.logging.KeywordLogger</class>
  <method>endKeyword</method>
  <thread>1</thread>
  <message>End action : click</message>
  <nestedLevel>1</nestedLevel>
</record>
<record>
  <date>2018-03-19T13:05:00</date>
  <millis>1521444900578</millis>
  <sequence>103</sequence>
  <level>START</level>
  <class>com.kms.katalon.core.logging.KeywordLogger</class>
  <method>startKeyword</method>
  <thread>1</thread>
  <message>Start action : click</message>
  <nestedLevel>1</nestedLevel>
  <property name="startLine">43</property>
  <property name="stepIndex">11</property>
</record>
<record>
  <date>2018-03-19T13:05:00</date>
  <millis>1521444900579</millis>
  <sequence>104</sequence>
  <level>INFO</level>
  <class>com.kms.katalon.core.logging.KeywordLogger</class>
  <method>logMessage</method>
  <thread>1</thread>
  <message>Finding Test Object with id &amp;apos;Object Repository/Page_Apttus - Contract Lifecycle Ma/nextbutton&amp;apos;</message>
  <nestedLevel>1</nestedLevel>
</record>
<record>
  <date>2018-03-19T13:05:00</date>
  <millis>1521444900582</millis>
  <sequence>105</sequence>
  <level>INFO</level>
  <class>com.kms.katalon.core.logging.KeywordLogger</class>
  <method>logMessage</method>
  <thread>1</thread>
  <message>Checking object</message>
  <nestedLevel>1</nestedLevel>
</record>
<record>
  <date>2018-03-19T13:05:00</date>
  <millis>1521444900583</millis>
  <sequence>106</sequence>
  <level>INFO</level>
  <class>com.kms.katalon.core.logging.KeywordLogger</class>
  <method>logMessage</method>
  <thread>1</thread>
  <message>Checking timeout</message>
  <nestedLevel>1</nestedLevel>
</record>
<record>
  <date>2018-03-19T13:05:00</date>
  <millis>1521444900583</millis>
  <sequence>107</sequence>
  <level>INFO</level>
  <class>com.kms.katalon.core.logging.KeywordLogger</class>
  <method>logMessage</method>
  <thread>1</thread>
  <message>Finding web element with id: &amp;apos;Object Repository/Page_Apttus - Contract Lifecycle Ma/nextbutton&amp;apos; located by &amp;apos;By.xpath: /html/body/div[1]/main/div/section/div/div/div/div[2]/div[2]/div[2]/div[2]/div[2]/div/div/div/md-tabs/md-tabs-wrapper/md-next-button&amp;apos; in &amp;apos;30&amp;apos; second(s)</message>
  <nestedLevel>1</nestedLevel>
</record>
<record>
  <date>2018-03-19T13:05:00</date>
  <millis>1521444900949</millis>
  <sequence>108</sequence>
  <level>INFO</level>
  <class>com.kms.katalon.core.logging.KeywordLogger</class>
  <method>logMessage</method>
  <thread>1</thread>
  <message>Found 1 web elements with id: &amp;apos;Object Repository/Page_Apttus - Contract Lifecycle Ma/nextbutton&amp;apos; located by &amp;apos;By.xpath: /html/body/div[1]/main/div/section/div/div/div/div[2]/div[2]/div[2]/div[2]/div[2]/div/div/div/md-tabs/md-tabs-wrapper/md-next-button&amp;apos; in &amp;apos;30&amp;apos; second(s)</message>
  <nestedLevel>1</nestedLevel>
</record>
<record>
  <date>2018-03-19T13:05:00</date>
  <millis>1521444900949</millis>
  <sequence>109</sequence>
  <level>INFO</level>
  <class>com.kms.katalon.core.logging.KeywordLogger</class>
  <method>logMessage</method>
  <thread>1</thread>
  <message>Clicking on object: &amp;apos;Object Repository/Page_Apttus - Contract Lifecycle Ma/nextbutton&amp;apos;</message>
  <nestedLevel>1</nestedLevel>
</record>
<record>
  <date>2018-03-19T13:05:04</date>
  <millis>1521444904880</millis>
  <sequence>110</sequence>
  <level>PASSED</level>
  <class>com.kms.katalon.core.logging.KeywordLogger</class>
  <method>logMessage</method>
  <thread>1</thread>
  <message>Object: &amp;apos;Object Repository/Page_Apttus - Contract Lifecycle Ma/nextbutton&amp;apos; is clicked on</message>
  <nestedLevel>1</nestedLevel>
</record>
<record>
  <date>2018-03-19T13:05:04</date>
  <millis>1521444904881</millis>
  <sequence>111</sequence>
  <level>END</level>
  <class>com.kms.katalon.core.logging.KeywordLogger</class>
  <method>endKeyword</method>
  <thread>1</thread>
  <message>End action : click</message>
  <nestedLevel>1</nestedLevel>
</record>
<record>
  <date>2018-03-19T13:05:04</date>
  <millis>1521444904881</millis>
  <sequence>112</sequence>
  <level>START</level>
  <class>com.kms.katalon.core.logging.KeywordLogger</class>
  <method>startKeyword</method>
  <thread>1</thread>
  <message>Start action : waitForElementClickable</message>
  <nestedLevel>1</nestedLevel>
  <property name="startLine">45</property>
  <property name="stepIndex">12</property>
</record>
<record>
  <date>2018-03-19T13:05:04</date>
  <millis>1521444904882</millis>
  <sequence>113</sequence>
  <level>INFO</level>
  <class>com.kms.katalon.core.logging.KeywordLogger</class>
  <method>logMessage</method>
  <thread>1</thread>
  <message>Finding Test Object with id &amp;apos;Object Repository/Page_Apttus - Contract Lifecycle Ma/md-tab-item_Approvals&amp;apos;</message>
  <nestedLevel>1</nestedLevel>
</record>
<record>
  <date>2018-03-19T13:05:04</date>
  <millis>1521444904887</millis>
  <sequence>114</sequence>
  <level>INFO</level>
  <class>com.kms.katalon.core.logging.KeywordLogger</class>
  <method>logMessage</method>
  <thread>1</thread>
  <message>Checking object</message>
  <nestedLevel>1</nestedLevel>
</record>
<record>
  <date>2018-03-19T13:05:04</date>
  <millis>1521444904888</millis>
  <sequence>115</sequence>
  <level>INFO</level>
  <class>com.kms.katalon.core.logging.KeywordLogger</class>
  <method>logMessage</method>
  <thread>1</thread>
  <message>Checking timeout</message>
  <nestedLevel>1</nestedLevel>
</record>
<record>
  <date>2018-03-19T13:05:04</date>
  <millis>1521444904888</millis>
  <sequence>116</sequence>
  <level>INFO</level>
  <class>com.kms.katalon.core.logging.KeywordLogger</class>
  <method>logMessage</method>
  <thread>1</thread>
  <message>Checking timeout</message>
  <nestedLevel>1</nestedLevel>
</record>
<record>
  <date>2018-03-19T13:05:04</date>
  <millis>1521444904889</millis>
  <sequence>117</sequence>
  <level>INFO</level>
  <class>com.kms.katalon.core.logging.KeywordLogger</class>
  <method>logMessage</method>
  <thread>1</thread>
  <message>Finding web element with id: &amp;apos;Object Repository/Page_Apttus - Contract Lifecycle Ma/md-tab-item_Approvals&amp;apos; located by &amp;apos;By.xpath: //md-tab-item[@id = &amp;apos;tab-item-9&amp;apos; and (text() = &amp;apos;\n\t\t\t\t\n\t\t\t\t\tApprovals\n\t\t\t\t\n\t\t\t&amp;apos; or . = &amp;apos;\n\t\t\t\t\n\t\t\t\t\tApprovals\n\t\t\t\t\n\t\t\t&amp;apos;)]&amp;apos; in &amp;apos;90&amp;apos; second(s)</message>
  <nestedLevel>1</nestedLevel>
</record>
<record>
  <date>2018-03-19T13:05:04</date>
  <millis>1521444904953</millis>
  <sequence>118</sequence>
  <level>INFO</level>
  <class>com.kms.katalon.core.logging.KeywordLogger</class>
  <method>logMessage</method>
  <thread>1</thread>
  <message>Found 1 web elements with id: &amp;apos;Object Repository/Page_Apttus - Contract Lifecycle Ma/md-tab-item_Approvals&amp;apos; located by &amp;apos;By.xpath: //md-tab-item[@id = &amp;apos;tab-item-9&amp;apos; and (text() = &amp;apos;\n\t\t\t\t\n\t\t\t\t\tApprovals\n\t\t\t\t\n\t\t\t&amp;apos; or . = &amp;apos;\n\t\t\t\t\n\t\t\t\t\tApprovals\n\t\t\t\t\n\t\t\t&amp;apos;)]&amp;apos; in &amp;apos;90&amp;apos; second(s)</message>
  <nestedLevel>1</nestedLevel>
</record>
<record>
  <date>2018-03-19T13:05:04</date>
  <millis>1521444904982</millis>
  <sequence>119</sequence>
  <level>PASSED</level>
  <class>com.kms.katalon.core.logging.KeywordLogger</class>
  <method>logMessage</method>
  <thread>1</thread>
  <message>Object &amp;apos;Object Repository/Page_Apttus - Contract Lifecycle Ma/md-tab-item_Approvals&amp;apos; is clickable</message>
  <nestedLevel>1</nestedLevel>
</record>
<record>
  <date>2018-03-19T13:05:04</date>
  <millis>1521444904982</millis>
  <sequence>120</sequence>
  <level>END</level>
  <class>com.kms.katalon.core.logging.KeywordLogger</class>
  <method>endKeyword</method>
  <thread>1</thread>
  <message>End action : waitForElementClickable</message>
  <nestedLevel>1</nestedLevel>
</record>
<record>
  <date>2018-03-19T13:05:04</date>
  <millis>1521444904983</millis>
  <sequence>121</sequence>
  <level>START</level>
  <class>com.kms.katalon.core.logging.KeywordLogger</class>
  <method>startKeyword</method>
  <thread>1</thread>
  <message>Start action : click</message>
  <nestedLevel>1</nestedLevel>
  <property name="startLine">47</property>
  <property name="stepIndex">13</property>
</record>
<record>
  <date>2018-03-19T13:05:04</date>
  <millis>1521444904983</millis>
  <sequence>122</sequence>
  <level>INFO</level>
  <class>com.kms.katalon.core.logging.KeywordLogger</class>
  <method>logMessage</method>
  <thread>1</thread>
  <message>Finding Test Object with id &amp;apos;Object Repository/Page_Apttus - Quote Page/md-tab-item_Approvals&amp;apos;</message>
  <nestedLevel>1</nestedLevel>
</record>
<record>
  <date>2018-03-19T13:05:04</date>
  <millis>1521444904989</millis>
  <sequence>123</sequence>
  <level>INFO</level>
  <class>com.kms.katalon.core.logging.KeywordLogger</class>
  <method>logMessage</method>
  <thread>1</thread>
  <message>Checking object</message>
  <nestedLevel>1</nestedLevel>
</record>
<record>
  <date>2018-03-19T13:05:04</date>
  <millis>1521444904989</millis>
  <sequence>124</sequence>
  <level>INFO</level>
  <class>com.kms.katalon.core.logging.KeywordLogger</class>
  <method>logMessage</method>
  <thread>1</thread>
  <message>Checking timeout</message>
  <nestedLevel>1</nestedLevel>
</record>
<record>
  <date>2018-03-19T13:05:04</date>
  <millis>1521444904990</millis>
  <sequence>125</sequence>
  <level>INFO</level>
  <class>com.kms.katalon.core.logging.KeywordLogger</class>
  <method>logMessage</method>
  <thread>1</thread>
  <message>Finding web element with id: &amp;apos;Object Repository/Page_Apttus - Quote Page/md-tab-item_Approvals&amp;apos; located by &amp;apos;By.xpath: //md-tab-item[@id = &amp;apos;tab-item-5&amp;apos; and (text() = &amp;apos;\n\t\t\t\t\n\t\t\t\t\tApprovals\n\t\t\t\t\n\t\t\t&amp;apos; or . = &amp;apos;\n\t\t\t\t\n\t\t\t\t\tApprovals\n\t\t\t\t\n\t\t\t&amp;apos;)]&amp;apos; in &amp;apos;30&amp;apos; second(s)</message>
  <nestedLevel>1</nestedLevel>
</record>
<record>
  <date>2018-03-19T13:05:36</date>
  <millis>1521444936622</millis>
  <sequence>126</sequence>
  <level>FAILED</level>
  <class>com.kms.katalon.core.logging.KeywordLogger</class>
  <method>logMessage</method>
  <thread>1</thread>
  <message>Unable to click on object &amp;apos;Object Repository/Page_Apttus - Quote Page/md-tab-item_Approvals&amp;apos; (Root cause: com.kms.katalon.core.webui.exception.WebElementNotFoundException: Web element with id: &amp;apos;Object Repository/Page_Apttus - Quote Page/md-tab-item_Approvals&amp;apos; located by &amp;apos;By.xpath: //md-tab-item[@id = &amp;apos;tab-item-5&amp;apos; and (text() = &amp;apos;\n\t\t\t\t\n\t\t\t\t\tApprovals\n\t\t\t\t\n\t\t\t&amp;apos; or . = &amp;apos;\n\t\t\t\t\n\t\t\t\t\tApprovals\n\t\t\t\t\n\t\t\t&amp;apos;)]&amp;apos; not found)</message>
  <nestedLevel>1</nestedLevel>
  <property name="attachment">1521444936058.png</property>
</record>
<record>
  <date>2018-03-19T13:05:36</date>
  <millis>1521444936624</millis>
  <sequence>127</sequence>
  <level>END</level>
  <class>com.kms.katalon.core.logging.KeywordLogger</class>
  <method>endKeyword</method>
  <thread>1</thread>
  <message>End action : click</message>
  <nestedLevel>1</nestedLevel>
</record>
<record>
  <date>2018-03-19T13:05:36</date>
  <millis>1521444936624</millis>
  <sequence>128</sequence>
  <level>START</level>
  <class>com.kms.katalon.core.logging.KeywordLogger</class>
  <method>startKeyword</method>
  <thread>1</thread>
  <message>Start action : waitForElementClickable</message>
  <nestedLevel>1</nestedLevel>
  <property name="startLine">49</property>
  <property name="stepIndex">14</property>
</record>
<record>
  <date>2018-03-19T13:05:36</date>
  <millis>1521444936624</millis>
  <sequence>129</sequence>
  <level>INFO</level>
  <class>com.kms.katalon.core.logging.KeywordLogger</class>
  <method>logMessage</method>
  <thread>1</thread>
  <message>Finding Test Object with id &amp;apos;Object Repository/Page_Apttus - Contract Lifecycle Ma/button_Submit&amp;apos;</message>
  <nestedLevel>1</nestedLevel>
</record>
<record>
  <date>2018-03-19T13:05:36</date>
  <millis>1521444936631</millis>
  <sequence>130</sequence>
  <level>INFO</level>
  <class>com.kms.katalon.core.logging.KeywordLogger</class>
  <method>logMessage</method>
  <thread>1</thread>
  <message>Checking object</message>
  <nestedLevel>1</nestedLevel>
</record>
<record>
  <date>2018-03-19T13:05:36</date>
  <millis>1521444936631</millis>
  <sequence>131</sequence>
  <level>INFO</level>
  <class>com.kms.katalon.core.logging.KeywordLogger</class>
  <method>logMessage</method>
  <thread>1</thread>
  <message>Checking timeout</message>
  <nestedLevel>1</nestedLevel>
</record>
<record>
  <date>2018-03-19T13:05:36</date>
  <millis>1521444936631</millis>
  <sequence>132</sequence>
  <level>INFO</level>
  <class>com.kms.katalon.core.logging.KeywordLogger</class>
  <method>logMessage</method>
  <thread>1</thread>
  <message>Checking timeout</message>
  <nestedLevel>1</nestedLevel>
</record>
<record>
  <date>2018-03-19T13:05:36</date>
  <millis>1521444936632</millis>
  <sequence>133</sequence>
  <level>INFO</level>
  <class>com.kms.katalon.core.logging.KeywordLogger</class>
  <method>logMessage</method>
  <thread>1</thread>
  <message>Finding web element with id: &amp;apos;Object Repository/Page_Apttus - Contract Lifecycle Ma/button_Submit&amp;apos; located by &amp;apos;By.xpath: //button[@type = &amp;apos;button&amp;apos; and @id = &amp;apos;generateDocument-submit-button&amp;apos; and (text() = &amp;apos;\n                Submit\n            &amp;apos; or . = &amp;apos;\n                Submit\n            &amp;apos;)]&amp;apos; in &amp;apos;90&amp;apos; second(s)</message>
  <nestedLevel>1</nestedLevel>
</record>
